Current: active threads / max count: 1 / 1
Request: /
Sending: {"start_family_id": 5001188019}
Current: active threads / max count: 1 / 1
Request: /start/6
Creating family tree with 6 generations...
Number of people  : 441
Number of families: 63
Sending: {"status":"OK"}
Current: active threads / max count: 1 / 1
Request: /family/5001188019
Sending: {"id": 5001188019, "husband_id": 5001188019, "wife_id": 5003417385, "children": [5005646759, 5007875101]}
Current: active threads / max count: 1 / 1
Request: /person/5001188019
Current: active threads / max count: 2 / 2
Request: /person/5003417385
Current: active threads / max count: 3 / 3
Request: /person/%5B5005646759,%205007875101%5D
Sending: {"id": 5003417385, "name": "Charlotte", "birth": "14-8-1897", "parent_id": 4997014515, "family_id": 5001188019}
Sending: {"id": 5001188019, "name": "James", "birth": "2-8-1980", "parent_id": 5003417385, "family_id": 5001188019}
Current: active threads / max count: 1 / 3
Request: /family/4997014515
Current: active threads / max count: 2 / 3
Request: /family/5003417385
Sending: {"id": 4997014515, "husband_id": 5206791241, "wife_id": 5209020615, "children": [5211250109, 5213478443, 5214651041, 5216880415, 5219109781, 5221338115, 5222527225, 5003417385]}
Sending: {"id": 5003417385, "husband_id": 5009047691, "wife_id": 5011277057, "children": [5013506559, 5015734901, 5016915683, 5019153241, 5021382615, 5001188019]}
Current: active threads / max count: 1 / 3
Request: /person/5206791241
Current: active threads / max count: 2 / 3
Request: /person/%5B5211250109,%205213478443,%205214651041,%205216880415,%205219109781,%205221338115,%205222527225,%205003417385%5D
Current: active threads / max count: 3 / 3
Request: /person/5209020615
Current: active threads / max count: 4 / 4
Request: /person/5009047691
Current: active threads / max count: 5 / 5
Request: /person/5011277057
Current: active threads / max count: 6 / 6
Request: /person/%5B5013506559,%205015734901,%205016915683,%205019153241,%205021382615,%205001188019%5D
Sending: {"id": 5209020615, "name": "Amelia", "birth": "10-7-1924", "parent_id": 5095602259, "family_id": 4997014515}
Sending: {"id": 5206791241, "name": "Owen", "birth": "26-10-1802", "parent_id": 4999242857, "family_id": 4997014515}
Sending: {"id": 5009047691, "name": "Sebastian", "birth": "5-8-1920", "parent_id": 5005646759, "family_id": 5003417385}
Sending: {"id": 5011277057, "name": "Amelia", "birth": "29-12-1957", "parent_id": 4967772041, "family_id": 5003417385}
Current: active threads / max count: 1 / 6
Request: /family/5095602259
Current: active threads / max count: 2 / 6
Request: /family/4999242857
Current: active threads / max count: 3 / 6
Request: /family/4967772041
Current: active threads / max count: 4 / 6
Request: /family/5005646759
Sending: {"id": 4999242857, "husband_id": 5224756599, "wife_id": 5226985965, "children": [5229214299, 5230395089, 5232616271, 5167736773, 5206791241]}
Sending: {"id": 4967772041, "husband_id": 4911769041, "wife_id": 4913997391, "children": [4916226757, 4917407667, 4919644201, 4921873575, 4924102941, 4925283723, 4927512065, 4929733375, 5011277057]}
Sending: {"id": 5005646759, "husband_id": 5023610957, "wife_id": 5024791867, "children": [5027013041, 5029241391, 5031470757, 5032651539, 4967772041, 4970008583, 4972238077, 4973418859, 5009047691]}
Sending: {"id": 5095602259, "husband_id": 4339573047, "wife_id": 4341802413, "children": [4344030747, 4346260113, 4347440911, 5209020615]}
Current: active threads / max count: 1 / 6
Request: /person/5224756599
Current: active threads / max count: 2 / 6
Request: /person/5226985965
Current: active threads / max count: 3 / 6
Request: /person/5023610957
Current: active threads / max count: 4 / 6
Request: /person/5024791867
Current: active threads / max count: 5 / 6
Request: /person/4911769041
Current: active threads / max count: 6 / 6
Request: /person/%5B5027013041,%205029241391,%205031470757,%205032651539,%204967772041,%204970008583,%204972238077,%204973418859,%205009047691%5D
Current: active threads / max count: 7 / 7
Request: /person/%5B5229214299,%205230395089,%205232616271,%205167736773,%205206791241%5D
Current: active threads / max count: 8 / 8
Request: /person/4341802413
Current: active threads / max count: 9 / 9
Request: /person/4339573047
Current: active threads / max count: 10 / 10
Request: /person/4913997391
Current: active threads / max count: 11 / 11
Request: /person/%5B4344030747,%204346260113,%204347440911,%205209020615%5D
Current: active threads / max count: 12 / 12
Request: /person/%5B4916226757,%204917407667,%204919644201,%204921873575,%204924102941,%204925283723,%204927512065,%204929733375,%205011277057%5D
Sending: {"id": 5224756599, "name": "Henry", "birth": "5-10-1992", "parent_id": 5068581095, "family_id": 4999242857}
Sending: {"id": 5226985965, "name": "Isabella", "birth": "24-4-1880", "parent_id": 5082087577, "family_id": 4999242857}
Sending: {"id": 5023610957, "name": "Asher", "birth": "11-6-1777", "parent_id": 5007875101, "family_id": 5005646759}
Sending: {"id": 5024791867, "name": "Harper", "birth": "18-1-1966", "parent_id": 5021382615, "family_id": 5005646759}
Sending: {"id": 4911769041, "name": "Christopher", "birth": "7-7-1888", "parent_id": 4970008583, "family_id": 4967772041}
Sending: {"id": 4913997391, "name": "Madison", "birth": "28-12-1864", "parent_id": 4983507001, "family_id": 4967772041}
Sending: {"id": 4341802413, "name": "Chloe", "birth": "17-10-1945", "parent_id": 5044229251, "family_id": 5095602259}
Sending: {"id": 4339573047, "name": "Ethan", "birth": "11-1-1761", "parent_id": 5097831625, "family_id": 5095602259}
Current: active threads / max count: 1 / 12
Request: /family/5007875101
Current: active threads / max count: 2 / 12
Request: /family/5021382615
Current: active threads / max count: 3 / 12
Request: /family/5097831625
Current: active threads / max count: 4 / 12
Request: /family/5068581095
Current: active threads / max count: 5 / 12
Request: /family/5082087577
Current: active threads / max count: 6 / 12
Request: /family/4970008583
Current: active threads / max count: 7 / 12
Request: /family/4983507001
Current: active threads / max count: 8 / 12
Request: /family/5044229251
Sending: {"id": 5007875101, "husband_id": 4975648225, "wife_id": 4977876575, "children": [4980097749, 4981278531, 4983507001, 4985736375, 4987973933, 5023610957]}
Sending: {"id": 4970008583, "husband_id": 4931962741, "wife_id": 5268687843, "children": [5270916185, 5273153751, 5275383117, 5276563003, 5278792369, 5281021743, 5283242917, 5284422675, 4911769041]}
Sending: {"id": 5021382615, "husband_id": 4878832215, "wife_id": 4881061581, "children": [4882242491, 4884470833, 4886692015, 4888921381, 4890102163, 4892330505, 5024791867]}
Sending: {"id": 5068581095, "husband_id": 5169965235, "wife_id": 5171146025, "children": [5173383591, 5175611933, 5177841291, 5179022081, 5181251583, 5224756599]}
Sending: {"id": 5082087577, "husband_id": 4454353263, "wife_id": 4456582629, "children": [4458810963, 4461048521, 5226985965]}
Sending: {"id": 4983507001, "husband_id": 5320390667, "wife_id": 5321571457, "children": [5323792767, 5326022133, 5328250467, 5329431257, 5331660631, 5333898189, 4913997391]}
Sending: {"id": 5097831625, "husband_id": 4349678469, "wife_id": 4351906931, "children": [4354136297, 4355317095, 4357538269, 4359766603, 4361995969, 4296068031, 4339573047]}
Current: active threads / max count: 2 / 12
Request: /person/%5B4980097749,%204981278531,%204983507001,%204985736375,%204987973933,%205023610957%5D
Current: active threads / max count: 3 / 12
Request: /person/4977876575
Sending: {"id": 5044229251, "husband_id": 4384843773, "wife_id": 4387072107, "children": [4389301473, 4390490463, 4392719829, 4394948163, 4341802413]}
Current: active threads / max count: 3 / 12
Request: /person/4975648225
Current: active threads / max count: 4 / 12
Request: /person/4931962741
Current: active threads / max count: 5 / 12
Request: /person/%5B5270916185,%205273153751,%205275383117,%205276563003,%205278792369,%205281021743,%205283242917,%205284422675,%204911769041%5D
Current: active threads / max count: 6 / 12
Request: /person/5268687843
Current: active threads / max count: 7 / 12
Request: /person/5321571457
Current: active threads / max count: 8 / 12
Request: /person/5320390667
Current: active threads / max count: 9 / 12
Request: /person/4878832215
Current: active threads / max count: 10 / 12
Request: /person/4349678469
Current: active threads / max count: 11 / 12
Request: /person/%5B5323792767,%205326022133,%205328250467,%205329431257,%205331660631,%205333898189,%204913997391%5D
Current: active threads / max count: 12 / 12
Request: /person/4454353263
Current: active threads / max count: 13 / 13
Request: /person/4881061581
Current: active threads / max count: 14 / 14
Request: /person/4351906931
Current: active threads / max count: 15 / 15
Request: /person/4384843773
Current: active threads / max count: 16 / 16
Request: /person/4456582629
Current: active threads / max count: 17 / 17
Request: /person/5169965235
Current: active threads / max count: 18 / 18
Request: /person/%5B4882242491,%204884470833,%204886692015,%204888921381,%204890102163,%204892330505,%205024791867%5D
Current: active threads / max count: 19 / 19
Request: /person/%5B4354136297,%204355317095,%204357538269,%204359766603,%204361995969,%204296068031,%204339573047%5D
Current: active threads / max count: 20 / 20
Request: /person/%5B4458810963,%204461048521,%205226985965%5D
Current: active threads / max count: 21 / 21
Request: /person/4387072107
Current: active threads / max count: 22 / 22
Current: active threads / max count: 23 / 23
Request: /person/%5B5173383591,%205175611933,%205177841291,%205179022081,%205181251583,%205224756599%5D
Current: active threads / max count: 24 / 24
Request: /person/%5B4389301473,%204390490463,%204392719829,%204394948163,%204341802413%5D
Request: /person/5171146025
Sending: {"id": 4977876575, "name": "Aria", "birth": "15-7-1816", "parent_id": 5015734901, "family_id": 5007875101}
Sending: {"id": 4931962741, "name": "Andrew", "birth": "7-11-1818", "parent_id": 4972238077, "family_id": 4970008583}
Sending: {"id": 4975648225, "name": "Lucas", "birth": "28-1-1755", "parent_id": 5009047691, "family_id": 5007875101}
Sending: {"id": 5268687843, "name": "Aurora", "birth": "23-1-1880", "parent_id": 4977876575, "family_id": 4970008583}
Sending: {"id": 5320390667, "name": "Lucas", "birth": "12-7-1781", "parent_id": 4985736375, "family_id": 4983507001}
Sending: {"id": 5321571457, "name": "Zoey", "birth": "12-4-1910", "parent_id": 4991383057, "family_id": 4983507001}
Sending: {"id": 4349678469, "name": "Logan", "birth": "14-5-1984", "parent_id": 5100052807, "family_id": 5097831625}
Sending: {"id": 4878832215, "name": "Josiah", "birth": "21-6-1803", "parent_id": 5023610957, "family_id": 5021382615}
Current: active threads / max count: 15 / 24
Request: /family/5015734901
Current: active threads / max count: 16 / 24
Request: /family/5009047691
Sending: {"id": 4384843773, "name": "Elijah", "birth": "15-12-1849", "parent_id": 5046458745, "family_id": 5044229251}
Sending: {"id": 4456582629, "name": "Hazel", "birth": "9-7-2015", "parent_id": 5089955569, "family_id": 5082087577}
Sending: {"id": 4351906931, "name": "Scarlett", "birth": "1-6-1947", "parent_id": 5038582561, "family_id": 5097831625}
Sending: {"id": 4454353263, "name": "Benjamin", "birth": "24-6-1766", "parent_id": 5084316951, "family_id": 5082087577}
Sending: {"id": 4881061581, "name": "Camila", "birth": "4-1-1808", "parent_id": 5029241391, "family_id": 5021382615}
Current: active threads / max count: 12 / 24
Request: /family/4972238077
Current: active threads / max count: 12 / 24
Request: /family/4977876575
Sending: {"id": 5169965235, "name": "Julian", "birth": "9-8-1889", "parent_id": 5070810461, "family_id": 5068581095}
Sending: {"id": 5171146025, "name": "Isabella", "birth": "18-12-1829", "parent_id": 5076457279, "family_id": 5068581095}
Current: active threads / max count: 7 / 24
Request: /family/4985736375
Sending: {"id": 4387072107, "name": "Sophia", "birth": "23-12-1954", "parent_id": 5052089051, "family_id": 5044229251}
Current: active threads / max count: 7 / 24
Request: /family/4991383057
Current: active threads / max count: 7 / 24
Request: /family/5023610957
Current: active threads / max count: 8 / 24
Request: /family/5029241391
Current: active threads / max count: 9 / 24
Request: /family/5100052807
Current: active threads / max count: 10 / 24
Request: /family/5038582561
Current: active threads / max count: 11 / 24
Request: /family/5084316951
Current: active threads / max count: 12 / 24
Request: /family/5070810461
Current: active threads / max count: 13 / 24
Request: /family/5089955569
Current: active threads / max count: 14 / 24
Request: /family/5052089051
Current: active threads / max count: 15 / 24
Request: /family/5076457279
Current: active threads / max count: 16 / 24
Request: /family/5046458745
Sending: {"id": 4972238077, "husband_id": 5286652041, "wife_id": 5288881415, "children": [5290856957, 5293085291, 5294266081, 5296495455, 5298724821, 4931962741]}
Sending: {"id": 5015734901, "husband_id": 5040811935, "wife_id": 5043048469, "children": [5044229251, 5046458745, 4977876575]}
Sending: {"id": 4977876575, "husband_id": 5260857407, "wife_id": 5263086773, "children": [5265316131, 5266496921, 5335834135, 5338055309, 5340284795, 5341465585, 5343693935, 5345931493, 5268687843]}
Sending: {"id": 5009047691, "husband_id": 4989154715, "wife_id": 4991383057, "children": [4993612431, 4995841797, 4997014515, 4999242857, 5068581095, 5070810461, 5071999435, 4975648225]}
Sending: {"id": 4985736375, "husband_id": 5134800059, "wife_id": 5135980849, "children": [5138210223, 5140438565, 5142659731, 5143840521, 5146069895, 5148298365, 5320390667]}
Sending: {"id": 4991383057, "husband_id": 5104801413, "wife_id": 5107030899, "children": [5108211689, 5110431847, 5112661213, 5321571457]}
Current: active threads / max count: 11 / 24
Request: /person/5288881415
Current: active threads / max count: 12 / 24
Request: /person/5286652041
Current: active threads / max count: 13 / 24
Request: /person/%5B5290856957,%205293085291,%205294266081,%205296495455,%205298724821,%204931962741%5D
Sending: {"id": 5023610957, "husband_id": 4894559879, "wife_id": 4896797565, "children": [4897978347, 4833097825, 4835327199, 4837548373, 4878832215]}
Sending: {"id": 5100052807, "husband_id": 4298296373, "wife_id": 4300533923, "children": [4302763289, 4303944087, 4306172429, 4308401915, 4310623089, 4349678469]}
Sending: {"id": 5084316951, "husband_id": 4462229319, "wife_id": 4531566653, "children": [4533796011, 4536017185, 4537197983, 4539426325, 4541655683, 4543885177, 4545074167, 4454353263]}
Sending: {"id": 5029241391, "husband_id": 4933907903, "wife_id": 4936136245, "children": [4937317027, 4939546393, 4941767575, 4943995917, 4945176827, 4947406193, 4881061581]}
Sending: {"id": 5052089051, "husband_id": 4704944625, "wife_id": 4706124399, "children": [4708353765, 4710583123, 4387072107]}
Sending: {"id": 5076457279, "husband_id": 4482384567, "wife_id": 4484613933, "children": [4486843291, 4488023057, 4490260623, 4492489989, 5171146025]}
Sending: {"id": 5089955569, "husband_id": 4503797493, "wife_id": 4506018659, "children": [4508248025, 4509427799, 4511657165, 4513894843, 4516123185, 4456582629]}
Sending: {"id": 5038582561, "husband_id": 4410391631, "wife_id": 4412612805, "children": [4414842291, 4417070633, 4418251431, 4420480797, 4422718347, 4424946689, 4351906931]}
Sending: {"id": 5070810461, "husband_id": 5183471733, "wife_id": 5185701091, "children": [5186881881, 5189111255, 5191339597, 5193577275, 5169965235]}
Current: active threads / max count: 6 / 24
Request: /person/5040811935
Sending: {"id": 5046458745, "husband_id": 4732721977, "wife_id": 4733902775, "children": [4736122925, 4738352283, 4740581649, 4384843773]}
Current: active threads / max count: 5 / 24
Request: /person/5263086773
Current: active threads / max count: 6 / 24
Request: /person/5043048469
Current: active threads / max count: 7 / 24
Request: /person/5260857407
Current: active threads / max count: 8 / 24
Request: /person/%5B5044229251,%205046458745,%204977876575%5D
Current: active threads / max count: 9 / 24
Request: /person/5104801413
Current: active threads / max count: 10 / 24
Request: /person/5134800059
Current: active threads / max count: 11 / 24
Request: /person/4989154715
Current: active threads / max count: 12 / 24
Request: /person/%5B5265316131,%205266496921,%205335834135,%205338055309,%205340284795,%205341465585,%205343693935,%205345931493,%205268687843%5D
Current: active threads / max count: 13 / 24
Request: /person/4894559879
Current: active threads / max count: 14 / 24
Request: /person/4462229319
Current: active threads / max count: 15 / 24
Request: /person/4298296373
Current: active threads / max count: 16 / 24
Request: /person/4933907903
Current: active threads / max count: 17 / 24
Request: /person/4991383057
Current: active threads / max count: 18 / 24
Request: /person/4482384567
Current: active threads / max count: 19 / 24
Request: /person/5107030899
Current: active threads / max count: 20 / 24
Request: /person/4410391631
Current: active threads / max count: 21 / 24
Request: /person/4503797493
Current: active threads / max count: 22 / 24
Request: /person/5135980849
Current: active threads / max count: 23 / 24
Request: /person/4896797565
Current: active threads / max count: 24 / 24
Request: /person/4704944625
Current: active threads / max count: 25 / 25
Request: /person/4531566653
Current: active threads / max count: 26 / 26
Request: /person/4300533923
Current: active threads / max count: 27 / 27
Request: /person/5183471733
Current: active threads / max count: 28 / 28
Request: /person/%5B4993612431,%204995841797,%204997014515,%204999242857,%205068581095,%205070810461,%205071999435,%204975648225%5D
Current: active threads / max count: 29 / 29
Request: /person/4936136245
Current: active threads / max count: 30 / 30
Request: /person/4732721977
Current: active threads / max count: 31 / 31
Request: /person/%5B5108211689,%205110431847,%205112661213,%205321571457%5D
Current: active threads / max count: 32 / 32
Request: /person/4484613933
Current: active threads / max count: 33 / 33
Request: /person/4412612805
Current: active threads / max count: 34 / 34
Request: /person/4506018659
Current: active threads / max count: 35 / 35
Request: /person/%5B5138210223,%205140438565,%205142659731,%205143840521,%205146069895,%205148298365,%205320390667%5D
Current: active threads / max count: 36 / 36
Request: /person/4706124399
Current: active threads / max count: 37 / 37
Request: /person/%5B4897978347,%204833097825,%204835327199,%204837548373,%204878832215%5D
Current: active threads / max count: 38 / 38
Request: /person/%5B4533796011,%204536017185,%204537197983,%204539426325,%204541655683,%204543885177,%204545074167,%204454353263%5D
Current: active threads / max count: 39 / 39
Request: /person/5185701091
Current: active threads / max count: 40 / 40
Request: /person/%5B4302763289,%204303944087,%204306172429,%204308401915,%204310623089,%204349678469%5D
Current: active threads / max count: 41 / 41
Request: /person/%5B4937317027,%204939546393,%204941767575,%204943995917,%204945176827,%204947406193,%204881061581%5D
Current: active threads / max count: 42 / 42
Request: /person/4733902775
Current: active threads / max count: 43 / 43
Request: /person/%5B4486843291,%204488023057,%204490260623,%204492489989,%205171146025%5D
Current: active threads / max count: 44 / 44
Request: /person/%5B4414842291,%204417070633,%204418251431,%204420480797,%204422718347,%204424946689,%204351906931%5D
Current: active threads / max count: 45 / 45
Request: /person/%5B4508248025,%204509427799,%204511657165,%204513894843,%204516123185,%204456582629%5D
Current: active threads / max count: 46 / 46
Request: /person/%5B4708353765,%204710583123,%204387072107%5D
Current: active threads / max count: 47 / 47
Request: /person/%5B5186881881,%205189111255,%205191339597,%205193577275,%205169965235%5D
Current: active threads / max count: 48 / 48
Request: /person/%5B4736122925,%204738352283,%204740581649,%204384843773%5D
Sending: {"id": 5286652041, "name": "Josiah", "birth": "11-7-1880", "parent_id": 4973418859, "family_id": 4972238077}
Sending: {"id": 5288881415, "name": "Isabella", "birth": "15-1-1931", "parent_id": 4975648225, "family_id": 4972238077}
Sending: {"id": 5040811935, "name": "Matthew", "birth": "21-7-1957", "parent_id": 5016915683, "family_id": 5015734901}
Sending: {"id": 5043048469, "name": "Olivia", "birth": "3-1-1853", "parent_id": 5019153241, "family_id": 5015734901}
Sending: {"id": 5263086773, "name": "Violet", "birth": "10-1-1945", "parent_id": 4981278531, "family_id": 4977876575}
Sending: {"id": 4989154715, "name": "Theodore", "birth": "18-5-1858", "parent_id": 5011277057, "family_id": 5009047691}
Sending: {"id": 5260857407, "name": "Elijah", "birth": "27-5-1999", "parent_id": 4980097749, "family_id": 4977876575}
Current: active threads / max count: 42 / 48
Request: /family/4973418859
Current: active threads / max count: 43 / 48
Request: /family/4975648225
Sending: {"id": 4462229319, "name": "Alexander", "birth": "22-2-1877", "parent_id": 5086546317, "family_id": 5084316951}
Sending: {"id": 5104801413, "name": "Levi", "birth": "4-12-1947", "parent_id": 4993612431, "family_id": 4991383057}
Sending: {"id": 5134800059, "name": "Jackson", "birth": "2-6-1865", "parent_id": 4987973933, "family_id": 4985736375}
Sending: {"id": 4298296373, "name": "Anthony", "birth": "19-5-2006", "parent_id": 5035172413, "family_id": 5100052807}
Sending: {"id": 4991383057, "name": "Willow", "birth": "30-4-1967", "parent_id": 5013506559, "family_id": 5009047691}
Sending: {"id": 4894559879, "name": "Joshua", "birth": "21-9-1805", "parent_id": 5024791867, "family_id": 5023610957}
Sending: {"id": 4933907903, "name": "Liam", "birth": "1-11-1924", "parent_id": 5031470757, "family_id": 5029241391}
Current: active threads / max count: 35 / 48
Sending: {"id": 4503797493, "name": "Luke", "birth": "26-9-1805", "parent_id": 5092193135, "family_id": 5089955569}
Request: /family/5016915683
Current: active threads / max count: 34 / 48
Request: /family/5019153241
Sending: {"id": 4896797565, "name": "Victoria", "birth": "21-4-1983", "parent_id": 5027013041, "family_id": 5023610957}
Sending: {"id": 4531566653, "name": "Luna", "birth": "14-12-1880", "parent_id": 5087726203, "family_id": 5084316951}
Sending: {"id": 4704944625, "name": "Thomas", "birth": "23-2-1854", "parent_id": 5054318417, "family_id": 5052089051}
Sending: {"id": 5107030899, "name": "Hannah", "birth": "12-2-1835", "parent_id": 4995841797, "family_id": 4991383057}
Sending: {"id": 4482384567, "name": "Andrew", "birth": "10-6-2011", "parent_id": 5078686645, "family_id": 5076457279}
Sending: {"id": 5183471733, "name": "Daniel", "birth": "14-11-1959", "parent_id": 5071999435, "family_id": 5070810461}
Sending: {"id": 4410391631, "name": "Samuel", "birth": "14-3-1844", "parent_id": 5040811935, "family_id": 5038582561}
Sending: {"id": 5135980849, "name": "Grace", "birth": "23-12-1799", "parent_id": 4989154715, "family_id": 4985736375}
Sending: {"id": 4300533923, "name": "Mia", "birth": "17-3-1844", "parent_id": 5036353195, "family_id": 5100052807}
Sending: {"id": 4936136245, "name": "Addison", "birth": "19-11-1881", "parent_id": 5032651539, "family_id": 5029241391}
Current: active threads / max count: 25 / 48
Request: /family/4981278531
Sending: {"id": 4732721977, "name": "Daniel", "birth": "30-8-2007", "parent_id": 5048688119, "family_id": 5046458745}
Sending: {"id": 4412612805, "name": "Chloe", "birth": "26-8-1825", "parent_id": 5043048469, "family_id": 5038582561}
Sending: {"id": 4484613933, "name": "Natalie", "birth": "22-5-1968", "parent_id": 5079866403, "family_id": 5076457279}
Sending: {"id": 4706124399, "name": "Leah", "birth": "14-9-1941", "parent_id": 5056547791, "family_id": 5052089051}
Current: active threads / max count: 24 / 48
Request: /family/4980097749
Sending: {"id": 4506018659, "name": "Zoey", "birth": "10-4-1846", "parent_id": 5094422501, "family_id": 5089955569}
Sending: {"id": 4733902775, "name": "Hazel", "birth": "7-2-1948", "parent_id": 5050916461, "family_id": 5046458745}
Sending: {"id": 5185701091, "name": "Leah", "birth": "17-1-2016", "parent_id": 5074227777, "family_id": 5070810461}
Current: active threads / max count: 10 / 48
Request: /family/5011277057
Current: active threads / max count: 8 / 48
Request: /family/5013506559
Current: active threads / max count: 9 / 48
Request: /family/4987973933
Current: active threads / max count: 10 / 48
Request: /family/4989154715
Current: active threads / max count: 11 / 48
Request: /family/4993612431
Current: active threads / max count: 12 / 48
Request: /family/4995841797
Current: active threads / max count: 13 / 48
Request: /family/5054318417
Current: active threads / max count: 14 / 48
Request: /family/5031470757
Current: active threads / max count: 15 / 48
Request: /family/5056547791
Current: active threads / max count: 16 / 48
Request: /family/5032651539
Current: active threads / max count: 17 / 48
Request: /family/5024791867
Current: active threads / max count: 18 / 48
Request: /family/5027013041
Current: active threads / max count: 19 / 48
Request: /family/5036353195
Current: active threads / max count: 20 / 48
Request: /family/5035172413
Current: active threads / max count: 21 / 48
Request: /family/5092193135
Current: active threads / max count: 22 / 48
Request: /family/5074227777
Current: active threads / max count: 23 / 48
Request: /family/5071999435
Current: active threads / max count: 24 / 48
Request: /family/5094422501
Current: active threads / max count: 25 / 48
Request: /family/5040811935
Current: active threads / max count: 26 / 48
Request: /family/5078686645
Current: active threads / max count: 27 / 48
Request: /family/5043048469
Current: active threads / max count: 28 / 48
Request: /family/5048688119
Current: active threads / max count: 29 / 48
Request: /family/5079866403
Current: active threads / max count: 30 / 48
Request: /family/5086546317
Current: active threads / max count: 31 / 48
Request: /family/5050916461
Current: active threads / max count: 32 / 48
Request: /family/5087726203
Sending: {"id": 4973418859, "husband_id": 5300944963, "wife_id": 5235017017, "children": [5237246391, 5239474733, 5286652041]}
Sending: {"id": 4975648225, "husband_id": 5241704091, "wife_id": 5242893073, "children": [5245122447, 5247350789, 5249580275, 5250752873, 5252982247, 5255210589, 5257439947, 5258620737, 5288881415]}
Sending: {"id": 5016915683, "husband_id": 5048688119, "wife_id": 5050916461, "children": [5052089051, 5054318417, 5056547791, 5058776133, 5059965235, 5062194601, 5064422951, 5066652317, 5040811935]}
Sending: {"id": 5019153241, "husband_id": 4866506507, "wife_id": 4868727681, "children": [4870956159, 4873185525, 4874366307, 4876603865, 5043048469]}
Current: active threads / max count: 29 / 48
Request: /person/5241704091
Current: active threads / max count: 30 / 48
Request: /person/5242893073
Current: active threads / max count: 31 / 48
Request: /person/5300944963
Current: active threads / max count: 32 / 48
Request: /person/%5B5245122447,%205247350789,%205249580275,%205250752873,%205252982247,%205255210589,%205257439947,%205258620737,%205288881415%5D
Sending: {"id": 4980097749, "husband_id": 5348160851, "wife_id": 5349341641, "children": [5351569991, 5353799485, 5356020651, 5357200417, 5359429791, 5361659157, 5363896707, 5365076601, 5260857407]}
Sending: {"id": 4981278531, "husband_id": 5367305975, "wife_id": 5302426477, "children": [5304655835, 5305827409, 5308056783, 5310286149, 5312514611, 5313695401, 5315932967, 5318162333, 5263086773]}
Current: active threads / max count: 33 / 48
Request: /person/5048688119
Current: active threads / max count: 33 / 48
Request: /person/%5B5237246391,%205239474733,%205286652041%5D
Sending: {"id": 5011277057, "husband_id": 5074227777, "wife_id": 5076457279, "children": [5078686645, 5079866403, 5082087577, 5084316951, 5086546317, 4989154715]}
Current: active threads / max count: 32 / 48
Request: /person/%5B5052089051,%205054318417,%205056547791,%205058776133,%205059965235,%205062194601,%205064422951,%205066652317,%205040811935%5D
Current: active threads / max count: 33 / 48
Request: /person/5050916461
Current: active threads / max count: 34 / 48
Request: /person/4866506507
Sending: {"id": 4987973933, "husband_id": 5150535915, "wife_id": 5151716705, "children": [5153946079, 5156174421, 5158403779, 5134800059]}
Sending: {"id": 4989154715, "husband_id": 5159576505, "wife_id": 5161804855, "children": [5164034221, 5166263579, 5100343697, 5102572047, 5135980849]}
Sending: {"id": 4993612431, "husband_id": 5114890571, "wife_id": 5116071361, "children": [5118299839, 5120537397, 5122766755, 5123946521, 5104801413]}
Current: active threads / max count: 32 / 48
Request: /person/%5B4870956159,%204873185525,%204874366307,%204876603865,%205043048469%5D
Sending: {"id": 5013506559, "husband_id": 5087726203, "wife_id": 5089955569, "children": [5092193135, 5094422501, 5095602259, 5097831625, 5100052807, 5035172413, 5036353195, 5038582561, 4991383057]}
Sending: {"id": 4995841797, "husband_id": 5126175895, "wife_id": 5128397069, "children": [5130626555, 5131806321, 5201144559, 5203373925, 5205611475, 5107030899]}
Current: active threads / max count: 31 / 48
Request: /person/5235017017
Current: active threads / max count: 32 / 48
Request: /person/4868727681
Sending: {"id": 5054318417, "husband_id": 4712812489, "wife_id": 4714000455, "children": [4716229949, 4718459307, 4704944625]}
Current: active threads / max count: 32 / 48
Sending: {"id": 5024791867, "husband_id": 4838729155, "wife_id": 4840957625, "children": [4843186999, 4845416365, 4846604315, 4848833681, 4851063055, 4853292421, 4854472307, 4856693481, 4894559879]}
Sending: {"id": 5032651539, "husband_id": 4960912683, "wife_id": 4963142049, "children": [4965370399, 4900490901, 4901679875, 4903909369, 4906137719, 4908367085, 4909539675, 4936136245]}
Request: /person/5349341641
Current: active threads / max count: 31 / 48
Request: /person/5348160851
Sending: {"id": 5074227777, "husband_id": 4472296417, "wife_id": 4474524767, "children": [4476754133, 4478983491, 4480163385, 5185701091]}
Sending: {"id": 5031470757, "husband_id": 4949643759, "wife_id": 4951872101, "children": [4953052883, 4955282249, 4957511623, 4959731901, 4933907903]}
Sending: {"id": 5035172413, "husband_id": 4311803887, "wife_id": 4314032229, "children": [4316261587, 4318499145, 4319679943, 4321908413, 4298296373]}
Sending: {"id": 5092193135, "husband_id": 4517303983, "wife_id": 4519533349, "children": [4521762707, 4523982857, 4525163655, 4527393149, 4529622507, 4503797493]}
Sending: {"id": 5056547791, "husband_id": 4720687649, "wife_id": 4721868447, "children": [4724089621, 4726318979, 4706124399]}
Sending: {"id": 5071999435, "husband_id": 5194758065, "wife_id": 5196986415, "children": [5199215781, 4463239443, 4464420233, 4466648583, 4468878077, 4471107435, 5183471733]}
Current: active threads / max count: 26 / 48
Request: /person/%5B5351569991,%205353799485,%205356020651,%205357200417,%205359429791,%205361659157,%205363896707,%205365076601,%205260857407%5D
Sending: {"id": 5036353195, "husband_id": 4324137771, "wife_id": 4326367137, "children": [4327538719, 4396876949, 4399106307, 4401335801, 4402515575, 4404753133, 4406982491, 4409211857, 4300533923]}
Sending: {"id": 5094422501, "husband_id": 4330524257, "wife_id": 4331713247, "children": [4333942613, 4336171971, 4338400441, 4506018659]}
Sending: {"id": 5027013041, "husband_id": 4858922855, "wife_id": 4861152221, "children": [4862331979, 4864569537, 4896797565]}
Sending: {"id": 5078686645, "husband_id": 4494719475, "wife_id": 4495899241, "children": [4431019751, 4433240925, 4435470283, 4436650049, 4438879551, 4440854965, 4482384567]}
Sending: {"id": 5043048469, "husband_id": 4371336251, "wife_id": 4373573809, "children": [4374754607, 4376983973, 4379212307, 4381441673, 4382614279, 4412612805]}
Sending: {"id": 5040811935, "husband_id": 4426127615, "wife_id": 4428356981, "children": [4363469283, 4365697625, 4366878423, 4369107789, 4410391631]}
Current: active threads / max count: 25 / 48
Sending: {"id": 5048688119, "husband_id": 4741762447, "wife_id": 4743990789, "children": [4746228467, 4748457833, 4749638631, 4751866973, 4732721977]}
Sending: {"id": 5079866403, "husband_id": 4443083299, "wife_id": 4445312665, "children": [4446493463, 4448722829, 4450943099, 4453172465, 4484613933]}
Request: /person/5076457279
Current: active threads / max count: 20 / 48
Request: /person/5159576505
Current: active threads / max count: 21 / 48
Request: /person/5074227777
Current: active threads / max count: 22 / 48
Request: /person/5114890571
Sending: {"id": 5050916461, "husband_id": 4754088139, "wife_id": 4756317505, "children": [4757497407, 4759726773, 4761956131, 4764193689, 4698264599, 4700493965, 4702723451, 4733902775]}
Sending: {"id": 5086546317, "husband_id": 4547302509, "wife_id": 4549531867, "children": [4551761233, 4552933839, 4462229319]}
Sending: {"id": 5087726203, "husband_id": 4555162181, "wife_id": 4557391667, "children": [4559621033, 4560800807, 4563038365, 4498158859, 4500388225, 4501568127, 4531566653]}
Current: active threads / max count: 21 / 48
Request: /person/%5B5078686645,%205079866403,%205082087577,%205084316951,%205086546317,%204989154715%5D
Current: active threads / max count: 22 / 48
Request: /person/5367305975
Current: active threads / max count: 22 / 48
Request: /person/5161804855
Current: active threads / max count: 23 / 48
Request: /person/5150535915
Current: active threads / max count: 24 / 48
Request: /person/5126175895
Current: active threads / max count: 25 / 48
Request: /person/4960912683
Current: active threads / max count: 26 / 48
Request: /person/5116071361
Current: active threads / max count: 27 / 48
Request: /person/5302426477
Current: active threads / max count: 28 / 48
Request: /person/4712812489
Current: active threads / max count: 29 / 48
Request: /person/4330524257
Current: active threads / max count: 30 / 48
Request: /person/4426127615
Current: active threads / max count: 31 / 48
Request: /person/5194758065
Current: active threads / max count: 32 / 48
Request: /person/%5B5164034221,%205166263579,%205100343697,%205102572047,%205135980849%5D
Current: active threads / max count: 33 / 48
Request: /person/4858922855
Current: active threads / max count: 34 / 48
Request: /person/4517303983
Current: active threads / max count: 35 / 48
Request: /person/4311803887
Current: active threads / max count: 36 / 48
Request: /person/5151716705
Current: active threads / max count: 37 / 48
Request: /person/4494719475
Current: active threads / max count: 38 / 48
Request: /person/5128397069
Current: active threads / max count: 39 / 48
Request: /person/5087726203
Current: active threads / max count: 40 / 48
Request: /person/4324137771
Current: active threads / max count: 41 / 48
Request: /person/4555162181
Current: active threads / max count: 42 / 48
Request: /person/4963142049
Current: active threads / max count: 43 / 48
Request: /person/%5B5118299839,%205120537397,%205122766755,%205123946521,%205104801413%5D
Current: active threads / max count: 44 / 48
Request: /person/4714000455
Current: active threads / max count: 45 / 48
Current: active threads / max count: 46 / 48
Request: /person/4371336251
Request: /person/4443083299
Current: active threads / max count: 47 / 48
Request: /person/%5B5304655835,%205305827409,%205308056783,%205310286149,%205312514611,%205313695401,%205315932967,%205318162333,%205263086773%5D
Current: active threads / max count: 48 / 48
Request: /person/4472296417
Current: active threads / max count: 49 / 49
Request: /person/4331713247
Current: active threads / max count: 50 / 50
Request: /person/4754088139
Current: active threads / max count: 51 / 51
Request: /person/4838729155
Current: active threads / max count: 52 / 52
Request: /person/4949643759
Current: active threads / max count: 53 / 53
Request: /person/4428356981
Current: active threads / max count: 54 / 54
Request: /person/5196986415
Current: active threads / max count: 55 / 55
Request: /person/4741762447
Current: active threads / max count: 56 / 56
Request: /person/4547302509
Current: active threads / max count: 57 / 57
Request: /person/4861152221
Current: active threads / max count: 58 / 58
Request: /person/4314032229
Current: active threads / max count: 59 / 59
Request: /person/4720687649
Current: active threads / max count: 60 / 60
Request: /person/4495899241
Current: active threads / max count: 61 / 61
Request: /person/4519533349
Current: active threads / max count: 62 / 62
Request: /person/%5B5153946079,%205156174421,%205158403779,%205134800059%5D
Current: active threads / max count: 63 / 63
Request: /person/5089955569
Current: active threads / max count: 64 / 64
Request: /person/%5B5130626555,%205131806321,%205201144559,%205203373925,%205205611475,%205107030899%5D
Current: active threads / max count: 65 / 65
Request: /person/4326367137
Current: active threads / max count: 66 / 66
Request: /person/%5B4965370399,%204900490901,%204901679875,%204903909369,%204906137719,%204908367085,%204909539675,%204936136245%5D
Current: active threads / max count: 67 / 67
Request: /person/%5B4716229949,%204718459307,%204704944625%5D
Current: active threads / max count: 68 / 68
Request: /person/4373573809
Current: active threads / max count: 69 / 69
Request: /person/4557391667
Current: active threads / max count: 70 / 70
Request: /person/4445312665
Current: active threads / max count: 71 / 71
Request: /person/4474524767
Current: active threads / max count: 72 / 72
Request: /person/4756317505
Current: active threads / max count: 73 / 73
Request: /person/%5B4333942613,%204336171971,%204338400441,%204506018659%5D
Current: active threads / max count: 74 / 74
Request: /person/4951872101
Current: active threads / max count: 75 / 75
Request: /person/%5B4363469283,%204365697625,%204366878423,%204369107789,%204410391631%5D
Current: active threads / max count: 76 / 76
Request: /person/4840957625
Current: active threads / max count: 77 / 77
Request: /person/%5B5199215781,%204463239443,%204464420233,%204466648583,%204468878077,%204471107435,%205183471733%5D
Current: active threads / max count: 78 / 78
Request: /person/4721868447
Current: active threads / max count: 79 / 79
Request: /person/4549531867
Current: active threads / max count: 80 / 80
Request: /person/4743990789
Current: active threads / max count: 81 / 81
Request: /person/%5B4862331979,%204864569537,%204896797565%5D
Current: active threads / max count: 82 / 82
Request: /person/%5B4431019751,%204433240925,%204435470283,%204436650049,%204438879551,%204440854965,%204482384567%5D
Current: active threads / max count: 83 / 83
Request: /person/%5B4316261587,%204318499145,%204319679943,%204321908413,%204298296373%5D
Current: active threads / max count: 84 / 84
Request: /person/%5B4521762707,%204523982857,%204525163655,%204527393149,%204529622507,%204503797493%5D
Current: active threads / max count: 85 / 85
Request: /person/%5B5092193135,%205094422501,%205095602259,%205097831625,%205100052807,%205035172413,%205036353195,%205038582561,%204991383057%5D
Current: active threads / max count: 86 / 86
Request: /person/%5B4327538719,%204396876949,%204399106307,%204401335801,%204402515575,%204404753133,%204406982491,%204409211857,%204300533923%5D
Current: active threads / max count: 87 / 87
Request: /person/%5B4559621033,%204560800807,%204563038365,%204498158859,%204500388225,%204501568127,%204531566653%5D
Current: active threads / max count: 88 / 88
Request: /person/%5B4446493463,%204448722829,%204450943099,%204453172465,%204484613933%5D
Current: active threads / max count: 89 / 89
Request: /person/%5B4374754607,%204376983973,%204379212307,%204381441673,%204382614279,%204412612805%5D
Current: active threads / max count: 90 / 90
Request: /person/%5B4476754133,%204478983491,%204480163385,%205185701091%5D
Current: active threads / max count: 91 / 91
Request: /person/%5B4757497407,%204759726773,%204761956131,%204764193689,%204698264599,%204700493965,%204702723451,%204733902775%5D
Current: active threads / max count: 92 / 92
Request: /person/%5B4953052883,%204955282249,%204957511623,%204959731901,%204933907903%5D
Current: active threads / max count: 93 / 93
Request: /person/%5B4843186999,%204845416365,%204846604315,%204848833681,%204851063055,%204853292421,%204854472307,%204856693481,%204894559879%5D
Current: active threads / max count: 94 / 94
Current: active threads / max count: 95 / 95
Request: /person/%5B4746228467,%204748457833,%204749638631,%204751866973,%204732721977%5D
Request: /person/%5B4551761233,%204552933839,%204462229319%5D
Current: active threads / max count: 96 / 96
Request: /person/%5B4724089621,%204726318979,%204706124399%5D
Sending: {"id": 5241704091, "name": "Grayson", "birth": "18-6-1920", "parent_id": null, "family_id": 4975648225}
Sending: {"id": 5242893073, "name": "Layla", "birth": "29-10-1761", "parent_id": null, "family_id": 4975648225}
Sending: {"id": 5300944963, "name": "Joshua", "birth": "21-2-1874", "parent_id": null, "family_id": 4973418859}
Sending: {"id": 5048688119, "name": "Owen", "birth": "2-1-1983", "parent_id": null, "family_id": 5016915683}
Sending: {"id": 4866506507, "name": "Jack", "birth": "24-5-1966", "parent_id": null, "family_id": 5019153241}
Sending: {"id": 5050916461, "name": "Elizabeth", "birth": "13-7-1814", "parent_id": null, "family_id": 5016915683}
Sending: {"id": 5349341641, "name": "Riley", "birth": "4-8-1805", "parent_id": null, "family_id": 4980097749}
Sending: {"id": 5235017017, "name": "Isabella", "birth": "18-5-2012", "parent_id": null, "family_id": 4973418859}
Sending: {"id": 4868727681, "name": "Riley", "birth": "3-8-1974", "parent_id": null, "family_id": 5019153241}
Sending: {"id": 5348160851, "name": "Hudson", "birth": "14-4-1819", "parent_id": null, "family_id": 4980097749}
Sending: {"id": 5159576505, "name": "John", "birth": "2-1-1904", "parent_id": null, "family_id": 4989154715}
Sending: {"id": 5076457279, "name": "Grace", "birth": "4-2-1907", "parent_id": null, "family_id": 5011277057}
Sending: {"id": 5367305975, "name": "Mason", "birth": "28-9-1805", "parent_id": null, "family_id": 4981278531}
Sending: {"id": 5114890571, "name": "Logan", "birth": "25-9-1912", "parent_id": null, "family_id": 4993612431}
Sending: {"id": 5161804855, "name": "Layla", "birth": "13-3-1841", "parent_id": null, "family_id": 4989154715}
Sending: {"id": 5074227777, "name": "Theodore", "birth": "13-4-1876", "parent_id": null, "family_id": 5011277057}
Sending: {"id": 5116071361, "name": "Evelyn", "birth": "11-3-1894", "parent_id": null, "family_id": 4993612431}
Sending: {"id": 5150535915, "name": "Ethan", "birth": "9-6-1821", "parent_id": null, "family_id": 4987973933}
Sending: {"id": 5126175895, "name": "Levi", "birth": "30-5-1992", "parent_id": null, "family_id": 4995841797}
Sending: {"id": 4960912683, "name": "Hudson", "birth": "7-4-1933", "parent_id": null, "family_id": 5032651539}
Sending: {"id": 5194758065, "name": "Thomas", "birth": "24-5-1980", "parent_id": null, "family_id": 5071999435}
Sending: {"id": 5302426477, "name": "Audrey", "birth": "14-6-1812", "parent_id": null, "family_id": 4981278531}
Sending: {"id": 4712812489, "name": "Owen", "birth": "22-4-1994", "parent_id": null, "family_id": 5054318417}
Sending: {"id": 4330524257, "name": "Hudson", "birth": "22-3-1754", "parent_id": null, "family_id": 5094422501}
Sending: {"id": 4494719475, "name": "Lincoln", "birth": "25-4-1756", "parent_id": null, "family_id": 5078686645}
Sending: {"id": 4426127615, "name": "Lucas", "birth": "6-11-1823", "parent_id": null, "family_id": 5040811935}
Sending: {"id": 4858922855, "name": "Joshua", "birth": "20-8-1981", "parent_id": null, "family_id": 5027013041}
Sending: {"id": 5128397069, "name": "Willow", "birth": "5-2-1818", "parent_id": null, "family_id": 4995841797}
Sending: {"id": 5087726203, "name": "Lucas", "birth": "13-12-1776", "parent_id": null, "family_id": 5013506559}
Sending: {"id": 4311803887, "name": "Jaxon", "birth": "28-4-1898", "parent_id": null, "family_id": 5035172413}
Sending: {"id": 4517303983, "name": "Josiah", "birth": "30-8-1776", "parent_id": null, "family_id": 5092193135}
Sending: {"id": 4324137771, "name": "Benjamin", "birth": "20-3-1792", "parent_id": null, "family_id": 5036353195}
Sending: {"id": 5151716705, "name": "Bella", "birth": "2-12-1793", "parent_id": null, "family_id": 4987973933}
Sending: {"id": 4963142049, "name": "Emily", "birth": "7-8-1968", "parent_id": null, "family_id": 5032651539}
Sending: {"id": 4555162181, "name": "Jack", "birth": "23-3-1833", "parent_id": null, "family_id": 5087726203}
Sending: {"id": 4714000455, "name": "Avery", "birth": "20-3-1905", "parent_id": null, "family_id": 5054318417}
Sending: {"id": 4371336251, "name": "Ezra", "birth": "5-4-2019", "parent_id": null, "family_id": 5043048469}
Sending: {"id": 4443083299, "name": "Carter", "birth": "9-11-1819", "parent_id": null, "family_id": 5079866403}
Sending: {"id": 4472296417, "name": "Sebastian", "birth": "5-12-1943", "parent_id": null, "family_id": 5074227777}
Sending: {"id": 4754088139, "name": "Thomas", "birth": "17-4-1826", "parent_id": null, "family_id": 5050916461}
Sending: {"id": 4838729155, "name": "Julian", "birth": "23-9-1839", "parent_id": null, "family_id": 5024791867}
Sending: {"id": 4331713247, "name": "Eleanor", "birth": "25-9-1756", "parent_id": null, "family_id": 5094422501}
Sending: {"id": 4949643759, "name": "Christopher", "birth": "27-10-2015", "parent_id": null, "family_id": 5031470757}
Sending: {"id": 4428356981, "name": "Lillian", "birth": "3-2-1761", "parent_id": null, "family_id": 5040811935}
Sending: {"id": 4741762447, "name": "Joseph", "birth": "17-9-1776", "parent_id": null, "family_id": 5048688119}
Sending: {"id": 5196986415, "name": "Sofia", "birth": "29-9-1944", "parent_id": null, "family_id": 5071999435}
Sending: {"id": 4861152221, "name": "Chloe", "birth": "18-5-1949", "parent_id": null, "family_id": 5027013041}
Sending: {"id": 4314032229, "name": "Abigail", "birth": "26-8-1872", "parent_id": null, "family_id": 5035172413}
Sending: {"id": 4547302509, "name": "Christopher", "birth": "28-2-2004", "parent_id": null, "family_id": 5086546317}
Sending: {"id": 4495899241, "name": "Eleanor", "birth": "3-10-1804", "parent_id": null, "family_id": 5078686645}
Sending: {"id": 5089955569, "name": "Stella", "birth": "3-7-1799", "parent_id": null, "family_id": 5013506559}
Sending: {"id": 4519533349, "name": "Scarlett", "birth": "3-10-1987", "parent_id": null, "family_id": 5092193135}
Sending: {"id": 4720687649, "name": "Jacob", "birth": "22-11-1950", "parent_id": null, "family_id": 5056547791}
Sending: {"id": 4557391667, "name": "Victoria", "birth": "25-4-1787", "parent_id": null, "family_id": 5087726203}
Sending: {"id": 4326367137, "name": "Amelia", "birth": "18-3-1908", "parent_id": null, "family_id": 5036353195}
Sending: {"id": 4951872101, "name": "Avery", "birth": "17-1-1826", "parent_id": null, "family_id": 5031470757}
Sending: {"id": 4840957625, "name": "Nora", "birth": "3-4-1903", "parent_id": null, "family_id": 5024791867}
Sending: {"id": 4756317505, "name": "Avery", "birth": "15-7-1943", "parent_id": null, "family_id": 5050916461}
Sending: {"id": 4445312665, "name": "Amelia", "birth": "2-10-1906", "parent_id": null, "family_id": 5079866403}
Sending: {"id": 4373573809, "name": "Aurora", "birth": "27-11-1818", "parent_id": null, "family_id": 5043048469}
Sending: {"id": 4743990789, "name": "Emily", "birth": "13-12-1820", "parent_id": null, "family_id": 5048688119}
Sending: {"id": 4474524767, "name": "Harper", "birth": "29-8-1980", "parent_id": null, "family_id": 5074227777}
Sending: {"id": 4549531867, "name": "Lucy", "birth": "28-3-2010", "parent_id": null, "family_id": 5086546317}
Sending: {"id": 4721868447, "name": "Audrey", "birth": "15-12-1941", "parent_id": null, "family_id": 5056547791}
Current: active threads / max count: 1 / 96
Request: /end
################################################################################
Total number of people  : 441
Total number of families: 63
Number of generations   : 6
Families were requested in this order:
1, 33, 2, 34, 18, 3, 49, 4, 19, 11, 35, 42, 26, 50, 57, 20, 8, 5, 23, 27, 30, 12, 51, 43, 15, 61, 39, 46, 54, 36, 58, 21, 22, 9, 10, 24, 25, 6, 28, 29, 31, 7, 32, 62, 17, 13, 38, 16, 63, 52, 47, 37, 56, 53, 48, 40, 14, 55, 59, 41, 60, 44, 45
Total number of API calls: 254
Final thread count (max count): 96
################################################################################
Sending: {"status": "OK", "people": 441, "families": 63, "api": 254, "threads": 96}
